2023-06-24 21:57:32,063 : INFO : Test_login : test_Login_By_Data_Driver_Case : 12 : Login By Data Driver Test is Started
2023-06-24 21:57:32,063 : INFO : Test_login : test_Login_By_Data_Driver_Case : 14 : Invoking Browser And Opening URL
2023-06-24 21:57:32,286 : INFO : Test_login : test_Login_By_Data_Driver_Case : 18 : Entering Username: standard_user
2023-06-24 21:57:32,455 : INFO : Test_login : test_Login_By_Data_Driver_Case : 20 : Entering Password: secret_sauce
2023-06-24 21:57:32,707 : INFO : Test_login : test_Login_By_Data_Driver_Case : 22 : Clicking on Login Button
2023-06-24 21:57:38,320 : INFO : Test_login : test_Login_By_Data_Driver_Case : 25 : Status of the page is Captured
2023-06-24 21:57:38,498 : INFO : Test_login : test_Login_By_Data_Driver_Case : 27 : Test Result is Written on Excel
2023-06-24 21:57:38,677 : INFO : Test_login : test_Login_By_Data_Driver_Case : 18 : Entering Username: standard_user
2023-06-24 21:57:38,879 : INFO : Test_login : test_Login_By_Data_Driver_Case : 20 : Entering Password: 1234
2023-06-24 21:57:38,960 : INFO : Test_login : test_Login_By_Data_Driver_Case : 22 : Clicking on Login Button
2023-06-24 21:57:42,502 : INFO : Test_login : test_Login_By_Data_Driver_Case : 25 : Status of the page is Captured
2023-06-24 21:57:42,652 : INFO : Test_login : test_Login_By_Data_Driver_Case : 27 : Test Result is Written on Excel
2023-06-24 21:57:42,861 : INFO : Test_login : test_Login_By_Data_Driver_Case : 18 : Entering Username: Unknown_user_1
2023-06-24 21:57:43,006 : INFO : Test_login : test_Login_By_Data_Driver_Case : 20 : Entering Password: secret_sauce
2023-06-24 21:57:43,077 : INFO : Test_login : test_Login_By_Data_Driver_Case : 22 : Clicking on Login Button
2023-06-24 21:57:46,542 : INFO : Test_login : test_Login_By_Data_Driver_Case : 25 : Status of the page is Captured
2023-06-24 21:57:46,667 : INFO : Test_login : test_Login_By_Data_Driver_Case : 27 : Test Result is Written on Excel
2023-06-24 21:57:46,848 : INFO : Test_login : test_Login_By_Data_Driver_Case : 18 : Entering Username: Unknown_user_2
2023-06-24 21:57:46,964 : INFO : Test_login : test_Login_By_Data_Driver_Case : 20 : Entering Password: 1234
2023-06-24 21:57:47,037 : INFO : Test_login : test_Login_By_Data_Driver_Case : 22 : Clicking on Login Button
2023-06-24 21:57:50,479 : INFO : Test_login : test_Login_By_Data_Driver_Case : 25 : Status of the page is Captured
2023-06-24 21:57:50,612 : INFO : Test_login : test_Login_By_Data_Driver_Case : 27 : Test Result is Written on Excel
2023-06-24 21:57:50,820 : INFO : Test_login : test_Login_By_Data_Driver_Case : 29 : Test Login By Data Driver is Completed
